TN:
SF:src/agent/ci.ts
FNF:13
FNH:13
DA:9,92
DA:11,23
DA:12,146
DA:15,44
DA:18,1
DA:19,5
DA:20,8
DA:21,5
DA:22,9
DA:23,50
DA:24,3
DA:25,14
DA:26,53
DA:27,11
DA:28,34
DA:29,19
DA:30,20
DA:31,68
DA:32,86
DA:33,39
DA:34,83
DA:35,41
DA:36,25
DA:37,20
DA:39,0
DA:40,1
DA:57,6
DA:58,7
DA:59,8
DA:60,5
DA:61,17
DA:62,3
DA:63,33
DA:64,43
DA:65,8
DA:66,5
DA:67,16
DA:68,4
DA:69,15
DA:70,31
DA:75,39
DA:77,50
DA:78,46
DA:79,2
DA:80,82
DA:81,72
DA:83,22
DA:84,28
DA:85,54
DA:86,26
DA:87,2
DA:88,50
DA:92,6
DA:93,8
DA:94,8
DA:95,5
DA:96,22
DA:97,3
DA:98,20
DA:99,29
DA:100,11
DA:101,81
DA:102,35
DA:103,18
DA:104,30
DA:105,91
DA:106,10
DA:107,50
DA:108,19
DA:109,77
DA:111,2
DA:112,23
DA:148,20
DA:149,65
DA:150,18
DA:152,19
DA:153,105
DA:154,17
DA:155,93
DA:156,12
DA:157,13
DA:158,33
DA:159,0
DA:160,0
DA:161,0
DA:162,0
DA:163,0
DA:164,6
DA:166,33
DA:167,88
DA:168,47
DA:169,6
DA:170,33
DA:171,9
DA:172,103
DA:173,8
DA:174,10
DA:175,94
DA:176,62
DA:177,98
DA:178,93
DA:179,62
DA:180,15
DA:181,0
DA:182,8
DA:183,15
DA:184,94
DA:185,33
DA:186,23
DA:187,73
DA:188,75
DA:192,5
DA:193,6
DA:195,96
DA:196,54
DA:197,2
DA:198,2
DA:199,77
LF:118
LH:111
end_of_record
TN:
SF:src/agent/config.ts
FNF:7
FNH:7
DA:1,33
DA:2,24
DA:4,32
DA:5,36
DA:6,25
DA:7,3
DA:9,38
DA:10,42
DA:11,3
DA:13,37
DA:14,15
DA:15,50
DA:16,3
DA:31,26
DA:32,10
DA:33,41
DA:34,47
DA:35,47
DA:36,47
DA:37,41
DA:38,42
DA:39,47
DA:40,47
DA:41,2
DA:42,30
DA:47,38
DA:48,22
DA:49,45
DA:50,29
DA:51,30
DA:52,22
DA:53,36
DA:54,34
DA:55,94
DA:56,9
DA:57,6
DA:58,2
DA:59,1
DA:60,3
DA:62,28
DA:63,10
DA:64,54
DA:65,63
DA:66,66
DA:67,57
DA:68,64
DA:69,75
DA:70,67
DA:71,43
DA:72,42
DA:73,42
DA:74,55
DA:75,37
DA:76,40
DA:77,38
DA:78,48
DA:79,43
DA:80,45
DA:81,59
DA:82,65
DA:83,56
DA:84,61
DA:85,10
DA:86,12
DA:87,32
DA:88,36
DA:90,44
DA:93,70
DA:98,42
DA:99,3
DA:100,14
DA:101,32
DA:106,27
DA:107,17
DA:108,15
DA:109,25
DA:110,19
DA:111,15
DA:112,6
DA:113,56
DA:114,38
DA:115,20
DA:116,34
DA:117,23
DA:118,9
DA:119,83
DA:120,93
DA:121,82
DA:122,84
DA:123,105
DA:124,64
DA:125,5
DA:126,2
DA:127,75
DA:128,2
DA:129,11
DA:130,17
DA:131,26
DA:132,26
DA:133,23
DA:134,19
DA:135,16
DA:136,74
DA:137,3
DA:141,21
DA:142,55
DA:143,30
DA:144,30
DA:145,35
DA:146,2
DA:147,32
DA:148,37
DA:151,21
DA:152,55
DA:153,30
DA:154,40
DA:155,48
DA:156,64
DA:157,11
LF:119
LH:119
end_of_record
TN:
SF:src/agent/coordinator.ts
FNF:30
FNH:26
DA:89,1
DA:91,13
DA:92,54
DA:93,58
DA:94,10
DA:96,27
DA:97,63
DA:99,27
DA:100,59
DA:102,29
DA:103,50
DA:106,22
DA:120,24
DA:121,112
DA:123,36
DA:124,48
DA:125,48
DA:126,22
DA:127,120
DA:128,60
DA:129,72
DA:130,66
DA:131,17
DA:132,38
DA:133,138
DA:134,72
DA:137,112
DA:138,130
DA:139,49
DA:140,145
DA:142,36
DA:146,77
DA:147,92
DA:148,120
DA:149,98
DA:150,60
DA:151,30
DA:152,9
DA:155,77
DA:156,92
DA:157,110
DA:158,60
DA:159,30
DA:160,9
DA:163,65
DA:164,92
DA:165,120
DA:166,96
DA:167,60
DA:168,30
DA:169,9
DA:171,43
DA:175,52
DA:176,36
DA:177,52
DA:178,28
DA:179,16
DA:180,69
DA:181,135
DA:182,130
DA:183,92
DA:184,92
DA:185,12
DA:186,9
DA:188,42
DA:189,76
DA:190,64
DA:192,140
DA:193,54
DA:200,46
DA:201,114
DA:202,62
DA:203,84
DA:204,65
DA:205,14
DA:206,140
DA:207,67
DA:208,32
DA:209,160
DA:210,16
DA:211,16
DA:212,29
DA:213,5
DA:217,110
DA:218,24
DA:221,30
DA:222,114
DA:223,183
DA:224,17
DA:225,9
DA:226,73
DA:227,32
DA:228,26
DA:229,127
DA:230,42
DA:231,32
DA:232,148
DA:233,16
DA:234,20
DA:235,36
DA:237,82
DA:238,110
DA:239,146
DA:240,114
DA:241,26
DA:242,56
DA:243,18
DA:244,158
DA:245,20
DA:246,78
DA:247,21
DA:248,16
DA:249,77
DA:250,5
DA:251,17
DA:253,15
DA:262,36
DA:263,90
DA:264,48
DA:265,22
DA:266,112
DA:267,19
DA:268,80
DA:269,20
DA:271,88
DA:273,77
DA:274,148
DA:275,112
DA:276,117
DA:277,26
DA:278,26
DA:279,102
DA:280,21
DA:281,16
DA:282,70
DA:283,8
DA:284,10
DA:285,28
DA:287,98
DA:288,132
DA:289,84
DA:291,26
DA:292,140
DA:293,21
DA:294,16
DA:295,73
DA:296,5
DA:297,10
DA:298,28
DA:300,84
DA:301,93
DA:302,30
DA:303,56
DA:304,14
DA:305,182
DA:306,22
DA:307,23
DA:308,16
DA:309,76
DA:310,8
DA:311,23
DA:313,13
DA:314,106
DA:315,9
DA:317,43
DA:320,25
DA:321,66
DA:322,14
DA:323,140
DA:324,45
DA:325,14
DA:326,76
DA:327,82
DA:328,100
DA:329,14
DA:332,50
DA:333,26
DA:334,22
DA:335,98
DA:336,19
DA:337,39
DA:338,16
DA:339,69
DA:340,5
DA:341,8
DA:342,23
DA:343,20
DA:346,42
DA:347,39
DA:348,11
DA:349,9
DA:354,111
DA:355,26
DA:356,140
DA:357,21
DA:358,16
DA:359,73
DA:360,8
DA:361,17
DA:363,9
DA:367,129
DA:368,64
DA:369,26
DA:370,130
DA:371,139
DA:372,21
DA:373,16
DA:374,73
DA:375,8
DA:376,21
DA:378,57
DA:379,30
DA:380,56
DA:381,14
DA:382,182
DA:383,22
DA:384,23
DA:385,16
DA:386,67
DA:387,5
DA:388,23
DA:390,9
DA:391,9
DA:393,32
DA:394,132
DA:395,84
DA:396,11
DA:397,130
DA:398,44
DA:399,68
DA:400,48
DA:401,80
DA:402,24
DA:403,22
DA:404,48
DA:405,56
DA:406,12
DA:407,60
DA:408,74
DA:409,66
DA:411,86
DA:412,94
DA:413,108
DA:414,56
DA:415,32
DA:416,195
DA:417,38
DA:418,15
DA:419,132
DA:420,70
DA:421,44
DA:422,18
DA:425,15
DA:426,14
DA:427,24
DA:428,12
DA:429,11
DA:430,10
DA:431,52
DA:432,89
DA:433,35
DA:434,51
DA:435,165
DA:436,145
DA:437,430
DA:439,248
DA:441,93
DA:442,26
DA:443,96
DA:444,21
DA:445,16
DA:446,67
DA:447,5
DA:448,17
DA:450,9
DA:452,29
DA:454,75
DA:455,83
DA:456,34
DA:457,154
DA:458,25
DA:459,16
DA:460,75
DA:461,5
DA:462,29
DA:464,17
DA:465,90
DA:466,76
DA:467,30
DA:468,132
DA:469,23
DA:470,16
DA:471,67
DA:472,5
DA:473,23
DA:475,10
DA:476,74
DA:477,26
DA:478,130
DA:479,21
DA:480,16
DA:481,68
DA:482,5
DA:483,17
DA:485,11
DA:488,20
DA:489,48
DA:490,73
DA:491,26
DA:492,32
DA:493,16
DA:496,8
DA:498,1
LF:313
LH:313
end_of_record
TN:
SF:src/agent/linear.ts
FNF:25
FNH:23
DA:33,85
DA:48,13
DA:49,22
DA:50,20
DA:51,29
DA:52,55
DA:53,32
DA:54,2
DA:55,27
DA:66,10
DA:67,19
DA:68,58
DA:69,23
DA:70,75
DA:71,95
DA:72,58
DA:73,2
DA:75,33
DA:76,24
DA:77,48
DA:78,24
DA:79,85
DA:80,92
DA:81,68
DA:82,31
DA:83,11
DA:86,72
DA:89,33
DA:90,24
DA:91,48
DA:92,31
DA:94,34
DA:95,62
DA:96,39
DA:97,58
DA:98,4
DA:99,29
DA:101,73
DA:102,2
DA:103,2
DA:105,13
DA:108,6
DA:109,8
DA:110,5
DA:111,3
DA:112,39
DA:114,781
DA:131,46
DA:132,15
DA:133,5
DA:135,63
DA:136,41
DA:137,13
DA:138,29
DA:139,19
DA:140,31
DA:141,15
DA:142,19
DA:143,25
DA:144,44
DA:145,25
DA:146,41
DA:147,8
DA:148,6
DA:149,2
DA:157,1
DA:158,8
DA:159,7
DA:160,10
DA:161,3
DA:162,29
DA:163,19
DA:164,75
DA:165,44
DA:166,5
DA:167,17
DA:168,55
DA:172,28
DA:173,32
DA:174,9
DA:175,2
DA:176,32
DA:177,29
DA:178,56
DA:181,51
DA:182,9
DA:183,2
DA:184,20
DA:185,46
DA:186,2
DA:187,17
DA:190,6
DA:191,8
DA:192,9
DA:193,5
DA:194,3
DA:195,282
DA:198,33
DA:199,12
DA:200,6
DA:201,5
DA:217,6
DA:218,8
DA:219,8
DA:220,3
DA:221,317
DA:228,33
DA:230,27
DA:231,40
DA:235,6
DA:236,8
DA:237,8
DA:238,3
DA:239,301
DA:244,46
DA:245,15
DA:246,5
DA:247,33
DA:250,6
DA:251,8
DA:252,9
DA:253,8
DA:254,3
DA:255,264
DA:258,33
DA:259,16
DA:260,9
DA:261,5
DA:270,25
DA:271,287
DA:276,46
DA:277,15
DA:278,5
DA:279,30
DA:283,6
DA:284,8
DA:285,9
DA:286,8
DA:287,3
DA:288,250
DA:291,33
DA:292,16
DA:293,9
DA:294,5
DA:298,6
DA:299,8
DA:300,9
DA:301,8
DA:302,3
DA:303,262
DA:306,33
DA:307,16
DA:308,9
DA:309,4
LF:154
LH:154
end_of_record
TN:
SF:src/agent/pr.ts
FNF:4
FNH:4
DA:22,11
DA:23,44
DA:26,19
DA:27,12
DA:28,55
DA:29,7
DA:30,27
DA:31,28
DA:32,7
DA:33,71
DA:34,2
DA:35,16
DA:36,9
DA:50,6
DA:51,7
DA:52,7
DA:53,3
DA:54,36
DA:57,29
DA:58,61
DA:59,9
DA:60,4
DA:61,45
DA:64,77
DA:67,34
DA:68,5
DA:69,9
DA:70,9
DA:71,11
DA:72,13
DA:73,17
DA:74,14
DA:75,11
DA:76,13
DA:77,10
DA:78,11
DA:79,21
DA:80,3
DA:81,9
DA:82,4
DA:83,45
DA:84,64
DA:86,42
DA:87,54
DA:88,33
DA:89,74
DA:90,9
DA:91,4
DA:92,58
DA:93,29
LF:50
LH:50
end_of_record
TN:
SF:src/agent/scaffold.ts
FNF:5
FNH:5
DA:1,33
DA:2,41
DA:6,16
DA:7,25
DA:8,14
DA:9,28
DA:10,24
DA:11,15
DA:12,89
DA:15,6
DA:16,10
DA:17,11
DA:18,7
DA:19,15
DA:20,18
DA:21,3
DA:22,41
DA:23,41
DA:24,41
DA:25,46
DA:26,61
DA:27,45
DA:29,22
DA:30,21
DA:31,5
DA:32,7
DA:33,25
DA:34,7
DA:35,33
DA:36,63
DA:37,9
DA:38,20
DA:39,6
DA:40,3
DA:41,3
DA:42,4
DA:44,22
DA:45,44
DA:46,7
DA:47,50
DA:48,34
DA:49,58
DA:50,65
DA:51,7
DA:52,21
DA:53,7
DA:54,72
DA:55,21
DA:56,91
DA:57,7
DA:58,18
DA:59,7
DA:60,50
DA:61,4
DA:62,2
DA:63,22
DA:64,11
DA:66,19
DA:67,38
DA:68,7
DA:69,18
DA:70,7
DA:71,86
DA:72,59
DA:73,58
DA:74,75
DA:75,4
DA:76,13
DA:78,20
DA:79,39
DA:80,7
DA:81,68
DA:82,4
DA:83,13
DA:85,60
DA:86,54
DA:87,56
DA:89,11
LF:78
LH:78
end_of_record
TN:
SF:src/agent/worktree.ts
FNF:11
FNH:11
DA:1,43
DA:2,34
DA:3,42
DA:28,22
DA:29,69
DA:33,21
DA:34,29
DA:45,6
DA:46,13
DA:47,12
DA:48,7
DA:49,3
DA:50,40
DA:51,36
DA:52,45
DA:55,82
DA:56,49
DA:57,22
DA:58,2
DA:61,26
DA:62,9
DA:63,95
DA:64,11
DA:65,25
DA:68,26
DA:69,34
DA:70,40
DA:71,37
DA:72,23
DA:80,6
DA:81,13
DA:82,5
DA:83,7
DA:84,3
DA:85,72
DA:108,6
DA:109,5
DA:110,6
DA:111,7
DA:112,3
DA:113,66
DA:114,37
DA:116,27
DA:117,9
DA:118,92
DA:119,39
DA:120,11
DA:123,66
DA:126,34
DA:127,14
DA:128,18
DA:129,65
DA:130,12
DA:131,19
DA:132,1
DA:133,2
DA:134,15
DA:135,14
DA:136,18
DA:137,55
DA:138,12
DA:139,19
DA:140,1
DA:141,2
DA:142,25
DA:143,14
DA:144,18
DA:145,62
DA:146,12
DA:147,19
DA:148,1
DA:149,2
DA:150,46
DA:164,6
DA:165,13
DA:166,12
DA:167,3
DA:168,45
DA:169,45
DA:170,69
DA:171,23
DA:172,13
DA:173,9
DA:174,42
DA:175,11
DA:176,8
DA:178,36
DA:179,48
DA:180,48
DA:181,37
DA:182,30
DA:183,73
DA:184,8
DA:185,4
DA:186,2
DA:187,2
DA:188,60
LF:97
LH:97
end_of_record
TN:
SF:src/cli.ts
FNF:5
FNH:5
DA:1,37
DA:3,62
DA:5,35
DA:34,82
DA:36,58
DA:38,33
DA:39,12
DA:40,18
DA:41,18
DA:42,18
DA:43,12
DA:44,13
DA:45,18
DA:46,18
DA:47,3
DA:48,72
DA:50,20
DA:51,22
DA:52,5
DA:53,37
DA:54,5
DA:55,14
DA:56,51
DA:57,50
DA:58,58
DA:59,71
DA:60,83
DA:61,98
DA:62,5
DA:63,13
DA:64,71
DA:65,102
DA:66,52
DA:67,60
DA:68,83
DA:69,47
DA:70,57
DA:71,70
DA:72,77
DA:73,85
DA:74,90
DA:75,59
DA:76,52
DA:77,45
DA:78,5
DA:79,57
DA:80,57
DA:81,75
DA:82,73
DA:83,69
DA:84,68
DA:85,76
DA:86,62
DA:87,64
DA:88,106
DA:89,75
DA:90,101
DA:91,51
DA:92,104
DA:93,106
DA:94,5
DA:95,53
DA:96,5
DA:97,14
DA:98,60
DA:99,71
DA:100,82
DA:101,17
DA:102,37
DA:103,15
DA:104,11
DA:106,11
DA:107,16
DA:114,9
DA:115,38
DA:116,89
DA:117,55
DA:118,25
DA:119,39
DA:120,54
DA:121,43
DA:122,34
DA:123,49
DA:124,2
DA:125,47
DA:126,76
DA:127,2
DA:128,66
DA:129,39
DA:133,22
DA:134,27
DA:135,30
DA:136,67
DA:137,24
DA:138,11
DA:139,30
DA:140,13
DA:141,36
DA:142,38
DA:143,50
DA:144,20
DA:148,14
DA:149,20
DA:150,17
DA:151,13
DA:152,15
DA:153,21
DA:154,18
DA:155,21
DA:156,21
DA:157,18
DA:158,25
DA:159,30
DA:160,13
DA:161,15
DA:162,19
DA:163,19
DA:164,23
DA:165,21
DA:166,19
DA:167,20
DA:168,19
DA:169,20
DA:170,14
DA:171,4
DA:173,26
DA:174,30
DA:175,25
DA:176,27
DA:177,31
DA:178,26
DA:179,28
DA:180,31
DA:181,32
DA:182,34
DA:183,28
DA:184,33
DA:185,31
DA:186,35
DA:187,33
DA:188,32
DA:189,30
DA:191,28
DA:192,23
DA:193,35
DA:194,27
DA:195,28
DA:196,8
DA:197,6
DA:198,24
DA:199,4
DA:201,27
DA:202,36
DA:203,32
DA:204,6
DA:205,25
DA:206,30
DA:207,8
DA:208,4
DA:209,22
DA:210,24
DA:211,25
DA:212,8
DA:213,4
DA:214,24
DA:215,26
DA:216,27
DA:217,8
DA:218,4
DA:219,28
DA:220,49
DA:221,31
DA:222,8
DA:223,4
DA:224,23
DA:225,39
DA:226,26
DA:227,8
DA:228,4
DA:229,25
DA:230,42
DA:231,28
DA:232,8
DA:233,4
DA:234,28
DA:235,49
DA:236,31
DA:237,8
DA:238,4
DA:239,29
DA:240,56
DA:241,32
DA:242,8
DA:243,4
DA:244,31
DA:245,47
DA:246,34
DA:247,8
DA:248,4
DA:249,25
DA:250,28
DA:251,8
DA:252,4
DA:253,30
DA:254,33
DA:255,8
DA:256,4
DA:257,28
DA:258,30
DA:259,31
DA:260,8
DA:261,4
DA:262,32
DA:263,34
DA:264,35
DA:265,8
DA:266,4
DA:267,30
DA:268,46
DA:269,33
DA:270,8
DA:271,4
DA:272,29
DA:273,45
DA:274,32
DA:275,8
DA:276,4
DA:277,27
DA:278,53
DA:279,53
DA:280,30
DA:281,8
DA:282,4
DA:284,24
DA:285,19
DA:286,62
DA:287,67
DA:288,8
DA:289,33
DA:290,32
DA:291,27
DA:292,10
DA:293,18
DA:294,61
DA:295,67
DA:296,8
DA:297,32
DA:298,32
DA:299,10
DA:300,18
DA:301,31
DA:302,10
DA:303,17
DA:304,26
DA:305,10
DA:306,19
DA:307,28
DA:308,10
DA:309,24
DA:310,32
DA:311,10
DA:312,18
DA:313,27
DA:314,10
DA:315,21
DA:316,29
DA:317,10
DA:318,24
DA:319,32
DA:320,10
DA:321,25
DA:322,33
DA:323,10
DA:324,27
DA:325,35
DA:326,10
DA:327,20
DA:328,29
DA:329,10
DA:330,26
DA:331,34
DA:332,10
DA:333,22
DA:334,33
DA:335,10
DA:336,16
DA:337,26
DA:338,10
DA:339,20
DA:340,30
DA:341,10
DA:342,24
DA:343,32
DA:344,10
DA:345,28
DA:346,36
DA:347,10
DA:348,26
DA:349,34
DA:350,10
DA:351,24
DA:352,33
DA:353,10
DA:354,21
DA:355,31
DA:356,10
DA:357,22
DA:358,31
DA:359,10
DA:360,22
DA:361,31
DA:362,5
DA:363,0
DA:364,0
DA:365,16
DA:367,36
DA:368,26
DA:369,17
DA:370,86
DA:372,7
DA:374,2
DA:376,13
LF:322
LH:320
end_of_record
TN:
SF:src/components/App.tsx
FNF:5
FNH:5
DA:1,34
DA:2,33
DA:3,35
DA:5,47
DA:6,45
DA:7,38
DA:8,42
DA:9,38
DA:10,40
DA:11,54
DA:20,18
DA:21,28
DA:22,20
DA:23,11
DA:24,10
DA:25,94
DA:28,17
DA:29,28
DA:30,20
DA:31,25
DA:32,11
DA:33,10
DA:34,108
DA:37,53
DA:38,28
DA:39,13
DA:40,119
DA:42,14
DA:43,7
DA:44,69
DA:45,13
DA:46,20
DA:47,18
DA:48,17
DA:49,6
DA:52,17
DA:53,24
DA:54,145
DA:55,6
DA:56,50
DA:57,77
DA:58,142
DA:59,6
DA:60,40
DA:61,7
DA:62,68
DA:63,117
DA:64,18
DA:66,5
DA:68,13
DA:69,7
DA:70,68
DA:71,154
DA:72,23
DA:75,14
DA:77,7
DA:78,68
DA:79,69
DA:80,23
DA:83,15
DA:84,24
DA:85,143
DA:86,6
DA:89,7
DA:90,68
DA:91,17
DA:92,26
DA:93,30
DA:94,30
DA:95,28
DA:96,44
DA:97,38
DA:98,52
DA:99,62
DA:100,28
DA:101,24
DA:102,32
DA:103,20
DA:104,19
DA:105,44
DA:106,10
DA:107,1
DA:109,0
LF:83
LH:82
end_of_record
TN:
SF:src/components/Banner.tsx
FNF:2
FNH:2
DA:1,32
DA:19,38
DA:21,29
DA:22,83
DA:23,17
DA:24,87
DA:26,49
DA:27,49
DA:29,7
DA:30,91
DA:31,122
DA:32,67
DA:33,14
DA:34,146
DA:36,25
DA:37,25
DA:38,122
DA:40,67
DA:41,14
DA:42,133
DA:43,20
DA:44,20
DA:45,166
DA:46,25
DA:48,24
DA:49,67
DA:50,14
DA:51,133
DA:52,20
DA:53,28
DA:54,25
DA:57,67
DA:58,14
DA:59,135
DA:60,18
DA:61,29
DA:62,25
DA:63,67
DA:64,14
DA:65,135
DA:66,18
DA:67,49
DA:68,25
DA:70,19
DA:71,67
DA:72,14
DA:73,135
DA:74,18
DA:75,33
DA:76,25
DA:79,20
DA:80,114
DA:81,14
DA:82,140
DA:83,25
DA:86,81
DA:87,14
DA:88,178
DA:89,25
DA:90,67
DA:91,14
DA:92,138
DA:93,15
DA:94,26
DA:95,25
DA:97,56
DA:98,67
DA:99,14
DA:100,137
DA:101,17
DA:102,33
DA:103,25
DA:105,70
DA:106,91
DA:107,14
DA:108,136
DA:109,17
DA:110,33
DA:111,25
DA:113,80
DA:114,113
DA:115,14
DA:116,177
DA:117,25
DA:119,64
DA:120,101
DA:121,14
DA:122,134
DA:123,19
DA:124,30
DA:125,25
DA:128,39
DA:129,86
DA:130,138
DA:131,71
DA:132,18
DA:133,162
DA:134,33
DA:135,39
DA:136,63
DA:137,19
DA:138,160
DA:139,21
DA:140,12
DA:141,21
DA:142,163
DA:143,40
DA:144,40
DA:146,19
DA:149,125
DA:150,13
LF:111
LH:111
end_of_record
TN:
SF:src/components/FeedLine.tsx
FNF:25
FNH:25
DA:1,32
DA:5,16
DA:7,15
DA:8,7
DA:9,63
DA:10,128
DA:11,121
DA:12,185
DA:13,13
DA:17,15
DA:18,7
DA:19,87
DA:20,121
DA:21,119
DA:22,198
DA:23,13
DA:27,15
DA:28,23
DA:29,7
DA:30,91
DA:31,137
DA:32,153
DA:33,15
DA:35,2
DA:36,7
DA:37,88
DA:38,120
DA:39,6
DA:43,15
DA:44,7
DA:45,88
DA:46,95
DA:47,7
DA:51,23
DA:52,23
DA:53,15
DA:54,25
DA:55,22
DA:56,25
DA:57,24
DA:58,24
DA:59,8
DA:60,2
DA:62,27
DA:63,12
DA:64,82
DA:65,164
DA:66,156
DA:67,10
DA:69,15
DA:70,82
DA:71,167
DA:72,156
DA:73,10
DA:75,19
DA:76,32
DA:77,7
DA:78,84
DA:79,180
DA:80,94
DA:81,16
DA:82,20
DA:83,44
DA:84,34
DA:85,13
DA:88,11
DA:89,82
DA:90,163
DA:91,155
DA:92,10
DA:94,14
DA:95,82
DA:96,166
DA:97,156
DA:98,10
DA:100,11
DA:101,82
DA:102,164
DA:103,124
DA:104,10
DA:106,12
DA:107,82
DA:108,165
DA:109,125
DA:110,10
DA:112,133
DA:113,1
DA:115,15
DA:116,7
DA:117,87
DA:118,162
DA:119,81
DA:120,13
DA:124,4
DA:125,8
DA:128,3
DA:129,7
DA:130,119
DA:131,28
DA:132,83
DA:133,13
DA:134,6
DA:135,8
DA:136,219
DA:137,13
DA:141,6
DA:142,7
DA:143,88
DA:144,123
DA:145,6
DA:149,15
DA:150,7
DA:151,87
DA:152,127
DA:153,35
DA:154,124
DA:155,14
DA:156,69
DA:157,28
DA:159,13
DA:163,9
DA:164,47
DA:167,15
DA:168,18
DA:169,38
DA:170,57
DA:171,27
DA:172,30
DA:173,32
DA:174,26
DA:175,15
DA:177,7
DA:178,87
DA:179,127
DA:180,154
DA:181,13
DA:185,15
DA:186,7
DA:187,87
DA:188,131
DA:190,14
DA:191,161
DA:192,13
DA:196,15
DA:197,7
DA:198,87
DA:199,121
DA:200,107
DA:201,13
DA:205,15
DA:206,7
DA:207,87
DA:208,144
DA:210,14
DA:211,161
DA:212,13
DA:216,15
DA:217,7
DA:218,115
DA:219,67
DA:220,160
DA:222,18
DA:223,160
DA:224,24
DA:225,129
DA:226,51
DA:227,28
DA:228,13
DA:232,15
DA:233,7
DA:234,88
DA:235,163
DA:236,7
DA:240,29
DA:241,29
DA:242,16
DA:243,98
DA:244,24
DA:245,101
DA:246,14
DA:247,96
DA:248,17
DA:249,99
DA:250,13
DA:251,95
DA:252,19
DA:253,100
DA:254,17
DA:255,16
DA:256,28
DA:257,37
DA:258,104
DA:259,19
DA:260,81
DA:261,18
DA:262,99
DA:263,15
DA:264,97
DA:265,21
DA:266,102
DA:267,14
DA:268,96
DA:269,19
DA:270,100
DA:271,20
DA:272,102
DA:273,12
DA:274,124
LF:208
LH:208
end_of_record
TN:
SF:src/components/IterationHeader.tsx
FNF:1
FNH:1
DA:1,32
DA:8,30
DA:9,7
DA:10,63
DA:11,134
DA:12,122
DA:13,27
DA:14,25
DA:15,164
DA:16,136
DA:17,13
LF:11
LH:11
end_of_record
TN:
SF:src/components/StatusBar.tsx
FNF:6
FNH:6
DA:1,44
DA:2,32
DA:3,35
DA:14,8
DA:15,41
DA:16,44
DA:17,40
DA:18,28
DA:19,42
DA:20,34
DA:21,28
DA:24,6
DA:25,112
DA:28,9
DA:29,12
DA:30,10
DA:31,12
DA:32,9
DA:33,8
DA:34,12
DA:35,3
DA:36,44
DA:38,20
DA:39,30
DA:40,73
DA:41,30
DA:42,26
DA:44,34
DA:46,7
DA:47,91
DA:48,116
DA:49,67
DA:50,106
DA:51,244
DA:52,106
DA:53,110
DA:54,135
DA:55,15
DA:56,90
DA:57,74
DA:58,234
DA:59,27
DA:61,70
DA:62,152
DA:63,70
DA:64,116
DA:65,52
DA:66,40
DA:67,24
DA:68,119
DA:69,13
LF:51
LH:51
end_of_record
TN:
SF:src/components/StopMessage.tsx
FNF:1
FNH:1
DA:1,32
DA:15,9
DA:16,9
DA:17,8
DA:18,11
DA:19,16
DA:20,13
DA:21,20
DA:22,22
DA:23,3
DA:24,25
DA:25,20
DA:26,7
DA:27,99
DA:28,192
DA:29,193
DA:30,17
DA:32,5
DA:33,22
DA:34,7
DA:35,104
DA:36,44
DA:37,23
DA:39,16
DA:40,7
DA:41,197
DA:42,110
DA:44,23
DA:46,21
DA:47,7
DA:48,176
DA:49,41
DA:50,23
DA:52,28
DA:53,7
DA:54,189
DA:55,43
DA:56,23
DA:58,20
DA:59,7
DA:60,167
DA:61,13
DA:62,18
LF:43
LH:43
end_of_record
TN:
SF:src/components/TaskList.tsx
FNF:10
FNH:10
DA:1,34
DA:2,33
DA:3,40
DA:4,44
DA:9,13
DA:10,61
DA:11,63
DA:12,29
DA:31,28
DA:32,31
DA:33,18
DA:34,28
DA:38,54
DA:39,21
DA:40,67
DA:41,45
DA:42,0
DA:43,0
DA:44,0
DA:45,0
DA:46,2
DA:47,2
DA:49,42
DA:50,45
DA:51,46
DA:52,70
DA:53,38
DA:55,16
DA:56,13
DA:57,30
DA:58,0
DA:59,6
DA:62,68
DA:64,51
DA:65,77
DA:67,30
DA:68,32
DA:69,70
DA:70,35
DA:71,68
DA:72,42
DA:73,25
DA:74,43
DA:75,31
DA:76,6
DA:77,6
DA:79,27
DA:80,19
DA:81,42
DA:82,48
DA:83,50
DA:84,44
DA:85,17
DA:86,23
DA:87,18
DA:88,22
DA:89,7
DA:90,21
DA:91,19
DA:92,7
DA:93,2
DA:94,2
DA:96,12
DA:99,37
DA:100,28
DA:102,20
DA:103,11
DA:104,10
DA:106,49
DA:108,27
DA:109,7
DA:110,95
DA:111,100
DA:112,145
DA:113,105
DA:114,15
DA:116,2
DA:118,18
DA:119,55
DA:120,57
DA:121,59
DA:122,13
DA:123,16
DA:124,56
DA:125,4
DA:127,18
DA:128,92
DA:130,7
DA:131,91
DA:132,94
DA:133,67
DA:134,150
DA:135,15
DA:136,152
DA:137,15
DA:138,154
DA:139,15
DA:140,152
DA:141,15
DA:142,158
DA:143,15
DA:144,154
DA:145,15
DA:146,146
DA:147,25
DA:148,140
DA:149,17
DA:150,66
DA:151,155
DA:152,15
DA:153,39
DA:154,15
DA:155,41
DA:156,15
DA:157,41
DA:158,15
DA:159,20
DA:160,157
DA:162,46
DA:164,15
DA:165,160
DA:166,15
DA:167,147
DA:168,17
DA:169,8
DA:170,97
DA:171,13
LF:127
LH:122
end_of_record
TN:
SF:src/components/TaskLoop.tsx
FNF:14
FNH:13
DA:1,61
DA:2,33
DA:3,68
DA:4,38
DA:5,34
DA:6,52
DA:7,38
DA:8,40
DA:9,44
DA:10,42
DA:19,24
DA:20,29
DA:21,24
DA:22,148
DA:23,13
DA:24,162
DA:25,13
DA:26,120
DA:33,6
DA:34,9
DA:35,14
DA:36,11
DA:37,3
DA:38,41
DA:40,28
DA:41,87
DA:42,75
DA:43,2
DA:44,58
DA:45,12
DA:46,70
DA:47,18
DA:48,2
DA:55,6
DA:56,7
DA:57,9
DA:58,10
DA:59,3
DA:60,31
DA:61,30
DA:62,24
DA:63,20
DA:64,12
DA:71,6
DA:72,5
DA:73,9
DA:74,14
DA:75,3
DA:76,60
DA:77,25
DA:78,51
DA:81,23
DA:82,46
DA:83,55
DA:84,32
DA:85,37
DA:87,30
DA:88,89
DA:89,11
DA:90,0
DA:91,0
DA:92,0
DA:93,2
DA:94,4
DA:96,7
DA:97,63
DA:98,123
DA:99,58
DA:100,10
DA:101,21
DA:102,27
DA:103,69
DA:104,41
DA:105,32
DA:106,34
DA:107,17
DA:109,11
DA:110,14
DA:114,19
DA:115,28
DA:116,29
DA:117,44
DA:118,66
DA:120,25
DA:121,11
DA:122,23
DA:123,68
DA:124,2
DA:125,15
DA:126,4
DA:128,20
DA:129,27
DA:130,11
DA:131,4
DA:132,26
DA:134,32
DA:136,51
DA:138,7
DA:139,91
DA:140,92
DA:141,21
DA:142,40
DA:143,7
DA:144,61
DA:145,9
DA:146,32
DA:147,27
DA:148,38
DA:149,48
DA:150,42
DA:151,56
DA:152,66
DA:153,41
DA:154,59
DA:155,1
DA:157,10
DA:158,150
DA:160,16
DA:162,18
DA:163,86
DA:164,73
DA:165,38
DA:166,53
DA:167,38
DA:168,32
DA:169,30
DA:170,28
DA:171,12
DA:172,148
DA:173,19
DA:176,19
DA:177,86
DA:178,73
DA:179,38
DA:180,53
DA:181,38
DA:182,32
DA:183,30
DA:184,29
DA:185,12
DA:186,75
DA:187,36
DA:188,30
DA:189,21
DA:190,46
DA:191,40
DA:192,54
DA:193,58
DA:194,19
DA:195,22
DA:197,13
LF:151
LH:148
end_of_record
TN:
SF:src/components/TaskStatus.tsx
FNF:4
FNH:4
DA:1,33
DA:2,32
DA:4,45
DA:11,66
DA:12,66
DA:14,68
DA:16,30
DA:17,31
DA:19,66
DA:20,80
DA:22,56
DA:23,9
DA:24,53
DA:25,5
DA:27,42
DA:29,7
DA:30,91
DA:31,101
DA:32,149
DA:33,101
DA:34,144
DA:35,150
DA:36,124
DA:37,14
DA:38,45
DA:39,25
DA:40,148
DA:41,157
DA:42,165
DA:43,101
DA:45,100
DA:46,135
DA:47,134
DA:48,154
DA:49,168
DA:50,170
DA:51,180
DA:52,101
DA:54,104
DA:55,27
DA:56,85
DA:57,14
DA:58,70
DA:59,17
DA:60,8
DA:62,101
DA:63,112
DA:64,28
DA:65,130
DA:66,16
DA:67,127
DA:68,17
DA:69,8
DA:70,104
DA:71,13
LF:55
LH:55
end_of_record
TN:
SF:src/hooks/useLoop.ts
FNF:17
FNH:16
DA:1,52
DA:2,33
DA:5,91
DA:6,71
DA:7,58
DA:8,83
DA:9,44
DA:10,204
DA:42,13
DA:43,67
DA:46,15
DA:47,43
DA:48,48
DA:49,68
DA:50,47
DA:51,53
DA:52,51
DA:53,50
DA:54,47
DA:56,30
DA:57,42
DA:58,39
DA:60,31
DA:61,38
DA:62,41
DA:65,20
DA:66,26
DA:68,51
DA:70,32
DA:71,78
DA:74,52
DA:75,30
DA:76,16
DA:77,73
DA:78,11
DA:81,38
DA:82,79
DA:85,50
DA:86,55
DA:87,54
DA:88,35
DA:91,23
DA:92,81
DA:93,39
DA:94,43
DA:95,88
DA:96,31
DA:97,25
DA:98,32
DA:99,27
DA:100,12
DA:101,43
DA:102,6
DA:103,15
DA:104,44
DA:105,26
DA:106,30
DA:107,30
DA:108,25
DA:109,11
DA:110,47
DA:113,50
DA:114,28
DA:115,29
DA:117,33
DA:118,28
DA:119,26
DA:120,28
DA:121,43
DA:122,43
DA:123,35
DA:124,9
DA:126,19
DA:127,39
DA:128,27
DA:129,26
DA:130,33
DA:132,27
DA:133,43
DA:134,31
DA:136,95
DA:137,29
DA:138,33
DA:139,30
DA:140,5
DA:141,8
DA:144,70
DA:145,26
DA:146,0
DA:147,0
DA:148,8
DA:149,61
DA:150,0
DA:151,0
DA:152,0
DA:153,0
DA:154,0
DA:155,0
DA:156,0
DA:157,0
DA:158,0
DA:159,0
DA:160,0
DA:161,0
DA:162,0
DA:164,0
DA:165,0
DA:166,0
DA:167,8
DA:169,15
DA:170,27
DA:172,79
DA:173,39
DA:174,72
DA:176,63
DA:178,51
DA:179,15
DA:181,49
DA:182,50
DA:183,41
DA:185,48
DA:186,32
DA:187,30
DA:188,19
DA:189,30
DA:190,48
DA:191,30
DA:192,31
DA:193,38
DA:194,35
DA:195,13
DA:198,79
DA:199,57
DA:200,43
DA:202,58
DA:203,54
DA:206,57
DA:207,58
DA:210,0
DA:211,0
DA:212,13
DA:215,52
DA:216,34
DA:217,32
DA:218,56
DA:219,32
DA:220,50
DA:221,32
DA:222,46
DA:223,46
DA:224,51
DA:225,15
DA:227,84
DA:228,38
DA:229,10
DA:231,44
DA:233,45
DA:234,71
DA:235,37
DA:237,66
DA:238,21
DA:239,10
DA:240,8
DA:241,11
DA:242,13
DA:243,12
DA:244,18
DA:245,14
DA:248,51
DA:249,0
DA:250,0
DA:251,0
DA:252,12
DA:254,41
DA:255,27
DA:256,21
DA:257,31
DA:258,44
DA:260,49
DA:262,8
DA:263,10
DA:266,36
DA:267,10
DA:268,11
DA:269,11
DA:270,13
DA:271,12
DA:272,18
DA:273,12
DA:274,33
DA:275,27
DA:276,26
DA:277,36
DA:279,17
DA:280,20
DA:281,10
DA:285,65
DA:286,28
DA:287,57
DA:288,5
DA:289,10
DA:291,49
DA:294,4
DA:295,86
DA:296,15
DA:297,13
DA:298,72
DA:299,34
DA:300,9
DA:301,23
DA:302,42
DA:303,11
DA:305,6
DA:307,43
DA:308,29
DA:310,33
DA:311,37
DA:312,25
DA:313,58
DA:314,54
DA:315,28
DA:316,23
DA:317,9
DA:319,63
DA:321,22
DA:322,64
DA:323,15
DA:324,18
DA:325,6
DA:328,6
DA:330,25
DA:331,6
DA:333,19
DA:334,23
DA:338,6
DA:340,12
DA:341,10
DA:342,14
DA:343,24
DA:344,13
DA:345,15
DA:346,14
DA:347,13
DA:348,14
DA:349,7
DA:350,1
LF:246
LH:223
end_of_record
TN:
SF:src/loop.ts
FNF:1
FNH:1
DA:2,214
LF:1
LH:1
end_of_record
